[0.368s] DEBUG:colcon:Command line arguments: ['/usr/bin/colcon', 'build', '--symlink-install']
[0.368s] DEBUG:colcon:Parsed command line arguments: Namespace(log_base=None, log_level=None, verb_name='build', build_base='build', install_base='install', merge_install=False, symlink_install=True, test_result_base=None, continue_on_error=False, executor='parallel', parallel_workers=4, event_handlers=None, ignore_user_meta=False, metas=['./colcon.meta'], base_paths=['.'], packages_ignore=None, packages_ignore_regex=None, paths=None, packages_up_to=None, packages_up_to_regex=None, packages_above=None, packages_above_and_dependencies=None, packages_above_depth=None, packages_select_by_dep=None, packages_skip_by_dep=None, packages_skip_up_to=None, packages_select_build_failed=False, packages_skip_build_finished=False, packages_select_test_failures=False, packages_skip_test_passed=False, packages_select=None, packages_skip=None, packages_select_regex=None, packages_skip_regex=None, packages_start=None, packages_end=None, allow_overriding=[], cmake_args=None, cmake_target=None, cmake_target_skip_unavailable=False, cmake_clean_cache=False, cmake_clean_first=False, cmake_force_configure=False, ament_cmake_args=None, catkin_cmake_args=None, catkin_skip_building_tests=False, mixin_files=None, mixin=None, verb_parser=<colcon_mixin.mixin.mixin_argument.MixinArgumentDecorator object at 0x767676fb03b0>, verb_extension=<colcon_core.verb.build.BuildVerb object at 0x76767656e480>, main=<bound method BuildVerb.main of <colcon_core.verb.build.BuildVerb object at 0x76767656e480>>, mixin_verb=('build',))
[0.500s] Level 1:colcon.colcon_core.package_discovery:discover_packages(colcon_meta) check parameters
[0.501s] Level 1:colcon.colcon_core.package_discovery:discover_packages(recursive) check parameters
[0.501s] Level 1:colcon.colcon_core.package_discovery:discover_packages(ignore) check parameters
[0.501s] Level 1:colcon.colcon_core.package_discovery:discover_packages(path) check parameters
[0.501s] Level 1:colcon.colcon_core.package_discovery:discover_packages(colcon_meta) discover
[0.501s] Level 1:colcon.colcon_core.package_discovery:discover_packages(recursive) discover
[0.502s] INFO:colcon.colcon_core.package_discovery:Crawling recursively for packages in '/home/admin/Documents/projects/u-tour/pathing/remote-repos/pathing-testing/rosdev'
[0.503s] Level 1:colcon.colcon_core.package_identification:_identify(.) by extensions ['ignore', 'ignore_ament_install']
[0.503s] Level 1:colcon.colcon_core.package_identification:_identify(.) by extension 'ignore'
[0.504s] Level 1:colcon.colcon_core.package_identification:_identify(.) by extension 'ignore_ament_install'
[0.504s] Level 1:colcon.colcon_core.package_identification:_identify(.) by extensions ['colcon_pkg']
[0.504s] Level 1:colcon.colcon_core.package_identification:_identify(.) by extension 'colcon_pkg'
[0.504s] Level 1:colcon.colcon_core.package_identification:_identify(.) by extensions ['colcon_meta']
[0.504s] Level 1:colcon.colcon_core.package_identification:_identify(.) by extension 'colcon_meta'
[0.504s] Level 1:colcon.colcon_core.package_identification:_identify(.) by extensions ['ros']
[0.504s] Level 1:colcon.colcon_core.package_identification:_identify(.) by extension 'ros'
[0.539s] Level 1:colcon.colcon_core.package_identification:_identify(.) by extensions ['cmake', 'python']
[0.539s] Level 1:colcon.colcon_core.package_identification:_identify(.) by extension 'cmake'
[0.539s] Level 1:colcon.colcon_core.package_identification:_identify(.) by extension 'python'
[0.539s] Level 1:colcon.colcon_core.package_identification:_identify(.) by extensions ['python_setup_py']
[0.539s] Level 1:colcon.colcon_core.package_identification:_identify(.) by extension 'python_setup_py'
[0.540s] Level 1:colcon.colcon_core.package_identification:_identify(build) by extensions ['ignore', 'ignore_ament_install']
[0.540s] Level 1:colcon.colcon_core.package_identification:_identify(build) by extension 'ignore'
[0.540s] Level 1:colcon.colcon_core.package_identification:_identify(build) ignored
[0.541s] Level 1:colcon.colcon_core.package_identification:_identify(install) by extensions ['ignore', 'ignore_ament_install']
[0.541s] Level 1:colcon.colcon_core.package_identification:_identify(install) by extension 'ignore'
[0.541s] Level 1:colcon.colcon_core.package_identification:_identify(install) ignored
[0.541s] Level 1:colcon.colcon_core.package_identification:_identify(log) by extensions ['ignore', 'ignore_ament_install']
[0.541s] Level 1:colcon.colcon_core.package_identification:_identify(log) by extension 'ignore'
[0.542s] Level 1:colcon.colcon_core.package_identification:_identify(log) ignored
[0.542s] Level 1:colcon.colcon_core.package_identification:_identify(src) by extensions ['ignore', 'ignore_ament_install']
[0.542s] Level 1:colcon.colcon_core.package_identification:_identify(src) by extension 'ignore'
[0.542s] Level 1:colcon.colcon_core.package_identification:_identify(src) by extension 'ignore_ament_install'
[0.542s] Level 1:colcon.colcon_core.package_identification:_identify(src) by extensions ['colcon_pkg']
[0.542s] Level 1:colcon.colcon_core.package_identification:_identify(src) by extension 'colcon_pkg'
[0.542s] Level 1:colcon.colcon_core.package_identification:_identify(src) by extensions ['colcon_meta']
[0.542s] Level 1:colcon.colcon_core.package_identification:_identify(src) by extension 'colcon_meta'
[0.542s] Level 1:colcon.colcon_core.package_identification:_identify(src) by extensions ['ros']
[0.543s] Level 1:colcon.colcon_core.package_identification:_identify(src) by extension 'ros'
[0.543s] Level 1:colcon.colcon_core.package_identification:_identify(src) by extensions ['cmake', 'python']
[0.543s] Level 1:colcon.colcon_core.package_identification:_identify(src) by extension 'cmake'
[0.543s] Level 1:colcon.colcon_core.package_identification:_identify(src) by extension 'python'
[0.543s] Level 1:colcon.colcon_core.package_identification:_identify(src) by extensions ['python_setup_py']
[0.543s] Level 1:colcon.colcon_core.package_identification:_identify(src) by extension 'python_setup_py'
[0.543s] Level 1:colcon.colcon_core.package_identification:_identify(src/path_testing) by extensions ['ignore', 'ignore_ament_install']
[0.543s] Level 1:colcon.colcon_core.package_identification:_identify(src/path_testing) by extension 'ignore'
[0.543s] Level 1:colcon.colcon_core.package_identification:_identify(src/path_testing) by extension 'ignore_ament_install'
[0.543s] Level 1:colcon.colcon_core.package_identification:_identify(src/path_testing) by extensions ['colcon_pkg']
[0.543s] Level 1:colcon.colcon_core.package_identification:_identify(src/path_testing) by extension 'colcon_pkg'
[0.543s] Level 1:colcon.colcon_core.package_identification:_identify(src/path_testing) by extensions ['colcon_meta']
[0.543s] Level 1:colcon.colcon_core.package_identification:_identify(src/path_testing) by extension 'colcon_meta'
[0.543s] Level 1:colcon.colcon_core.package_identification:_identify(src/path_testing) by extensions ['ros']
[0.543s] Level 1:colcon.colcon_core.package_identification:_identify(src/path_testing) by extension 'ros'
[0.549s] DEBUG:colcon.colcon_core.package_identification:Package 'src/path_testing' with type 'ros.ament_cmake' and name 'path_testing'
[0.549s] Level 1:colcon.colcon_core.package_discovery:discover_packages(recursive) using defaults
[0.549s] Level 1:colcon.colcon_core.package_discovery:discover_packages(ignore) discover
[0.550s] Level 1:colcon.colcon_core.package_discovery:discover_packages(ignore) using defaults
[0.550s] Level 1:colcon.colcon_core.package_discovery:discover_packages(path) discover
[0.550s] Level 1:colcon.colcon_core.package_discovery:discover_packages(path) using defaults
[0.605s] Level 1:colcon.colcon_core.package_discovery:discover_packages(prefix_path) check parameters
[0.605s] Level 1:colcon.colcon_core.package_discovery:discover_packages(prefix_path) discover
[0.613s] DEBUG:colcon.colcon_installed_package_information.package_discovery:Found 359 installed packages in /opt/ros/jazzy
[0.615s] Level 1:colcon.colcon_core.package_discovery:discover_packages(prefix_path) using defaults
[0.676s] Level 5:colcon.colcon_core.verb:set package 'path_testing' build argument 'cmake_args' from command line to 'None'
[0.676s] Level 5:colcon.colcon_core.verb:set package 'path_testing' build argument 'cmake_target' from command line to 'None'
[0.676s] Level 5:colcon.colcon_core.verb:set package 'path_testing' build argument 'cmake_target_skip_unavailable' from command line to 'False'
[0.676s] Level 5:colcon.colcon_core.verb:set package 'path_testing' build argument 'cmake_clean_cache' from command line to 'False'
[0.676s] Level 5:colcon.colcon_core.verb:set package 'path_testing' build argument 'cmake_clean_first' from command line to 'False'
[0.676s] Level 5:colcon.colcon_core.verb:set package 'path_testing' build argument 'cmake_force_configure' from command line to 'False'
[0.676s] Level 5:colcon.colcon_core.verb:set package 'path_testing' build argument 'ament_cmake_args' from command line to 'None'
[0.676s] Level 5:colcon.colcon_core.verb:set package 'path_testing' build argument 'catkin_cmake_args' from command line to 'None'
[0.676s] Level 5:colcon.colcon_core.verb:set package 'path_testing' build argument 'catkin_skip_building_tests' from command line to 'False'
[0.676s] DEBUG:colcon.colcon_core.verb:Building package 'path_testing' with the following arguments: {'ament_cmake_args': None, 'build_base': '/home/admin/Documents/projects/u-tour/pathing/remote-repos/pathing-testing/rosdev/build/path_testing', 'catkin_cmake_args': None, 'catkin_skip_building_tests': False, 'cmake_args': None, 'cmake_clean_cache': False, 'cmake_clean_first': False, 'cmake_force_configure': False, 'cmake_target': None, 'cmake_target_skip_unavailable': False, 'install_base': '/home/admin/Documents/projects/u-tour/pathing/remote-repos/pathing-testing/rosdev/install/path_testing', 'merge_install': False, 'path': '/home/admin/Documents/projects/u-tour/pathing/remote-repos/pathing-testing/rosdev/src/path_testing', 'symlink_install': True, 'test_result_base': None}
[0.676s] INFO:colcon.colcon_core.executor:Executing jobs using 'parallel' executor
[0.680s] DEBUG:colcon.colcon_parallel_executor.executor.parallel:run_until_complete
[0.681s] INFO:colcon.colcon_ros.task.ament_cmake.build:Building ROS package in '/home/admin/Documents/projects/u-tour/pathing/remote-repos/pathing-testing/rosdev/src/path_testing' with build type 'ament_cmake'
[0.682s] INFO:colcon.colcon_cmake.task.cmake.build:Building CMake package in '/home/admin/Documents/projects/u-tour/pathing/remote-repos/pathing-testing/rosdev/src/path_testing'
[0.701s] INFO:colcon.colcon_core.plugin_system:Skipping extension 'colcon_core.shell.bat': Not used on non-Windows systems
[0.702s] INFO:colcon.colcon_core.shell:Skip shell extension 'powershell' for command environment: Not usable outside of PowerShell
[0.702s] DEBUG:colcon.colcon_core.shell:Skip shell extension 'dsv' for command environment
[0.716s] DEBUG:colcon.colcon_core.event_handler.log_command:Invoking command in '/home/admin/Documents/projects/u-tour/pathing/remote-repos/pathing-testing/rosdev/build/path_testing': CMAKE_PREFIX_PATH=${CMAKE_PREFIX_PATH}:/opt/ros/jazzy DEBUGINFOD_URLS=https://debuginfod.ubuntu.com /usr/bin/cmake /home/admin/Documents/projects/u-tour/pathing/remote-repos/pathing-testing/rosdev/src/path_testing -DAMENT_CMAKE_SYMLINK_INSTALL=1 -DCMAKE_INSTALL_PREFIX=/home/admin/Documents/projects/u-tour/pathing/remote-repos/pathing-testing/rosdev/install/path_testing
[2.015s] DEBUG:colcon.colcon_core.event_handler.log_command:Invoked command in '/home/admin/Documents/projects/u-tour/pathing/remote-repos/pathing-testing/rosdev/build/path_testing' returned '0': CMAKE_PREFIX_PATH=${CMAKE_PREFIX_PATH}:/opt/ros/jazzy DEBUGINFOD_URLS=https://debuginfod.ubuntu.com /usr/bin/cmake /home/admin/Documents/projects/u-tour/pathing/remote-repos/pathing-testing/rosdev/src/path_testing -DAMENT_CMAKE_SYMLINK_INSTALL=1 -DCMAKE_INSTALL_PREFIX=/home/admin/Documents/projects/u-tour/pathing/remote-repos/pathing-testing/rosdev/install/path_testing
[2.023s] DEBUG:colcon.colcon_core.event_handler.log_command:Invoking command in '/home/admin/Documents/projects/u-tour/pathing/remote-repos/pathing-testing/rosdev/build/path_testing': CMAKE_PREFIX_PATH=${CMAKE_PREFIX_PATH}:/opt/ros/jazzy DEBUGINFOD_URLS=https://debuginfod.ubuntu.com /usr/bin/cmake --build /home/admin/Documents/projects/u-tour/pathing/remote-repos/pathing-testing/rosdev/build/path_testing -- -j4 -l4
[2.104s] DEBUG:colcon.colcon_core.event_handler.log_command:Invoked command in '/home/admin/Documents/projects/u-tour/pathing/remote-repos/pathing-testing/rosdev/build/path_testing' returned '0': CMAKE_PREFIX_PATH=${CMAKE_PREFIX_PATH}:/opt/ros/jazzy DEBUGINFOD_URLS=https://debuginfod.ubuntu.com /usr/bin/cmake --build /home/admin/Documents/projects/u-tour/pathing/remote-repos/pathing-testing/rosdev/build/path_testing -- -j4 -l4
[2.175s] DEBUG:colcon.colcon_core.event_handler.log_command:Invoking command in '/home/admin/Documents/projects/u-tour/pathing/remote-repos/pathing-testing/rosdev/build/path_testing': CMAKE_PREFIX_PATH=${CMAKE_PREFIX_PATH}:/opt/ros/jazzy DEBUGINFOD_URLS=https://debuginfod.ubuntu.com /usr/bin/cmake --install /home/admin/Documents/projects/u-tour/pathing/remote-repos/pathing-testing/rosdev/build/path_testing
[2.514s] Level 1:colcon.colcon_core.environment:create_environment_scripts_only(path_testing)
[2.516s] DEBUG:colcon.colcon_core.event_handler.log_command:Invoked command in '/home/admin/Documents/projects/u-tour/pathing/remote-repos/pathing-testing/rosdev/build/path_testing' returned '0': CMAKE_PREFIX_PATH=${CMAKE_PREFIX_PATH}:/opt/ros/jazzy DEBUGINFOD_URLS=https://debuginfod.ubuntu.com /usr/bin/cmake --install /home/admin/Documents/projects/u-tour/pathing/remote-repos/pathing-testing/rosdev/build/path_testing
[2.543s] Level 1:colcon.colcon_core.environment:checking '/home/admin/Documents/projects/u-tour/pathing/remote-repos/pathing-testing/rosdev/install/path_testing' for CMake module files
[2.545s] Level 1:colcon.colcon_core.environment:checking '/home/admin/Documents/projects/u-tour/pathing/remote-repos/pathing-testing/rosdev/install/path_testing' for CMake config files
[2.546s] Level 1:colcon.colcon_core.shell:create_environment_hook('path_testing', 'cmake_prefix_path')
[2.546s] INFO:colcon.colcon_core.shell:Creating environment hook '/home/admin/Documents/projects/u-tour/pathing/remote-repos/pathing-testing/rosdev/install/path_testing/share/path_testing/hook/cmake_prefix_path.ps1'
[2.548s] INFO:colcon.colcon_core.shell:Creating environment descriptor '/home/admin/Documents/projects/u-tour/pathing/remote-repos/pathing-testing/rosdev/install/path_testing/share/path_testing/hook/cmake_prefix_path.dsv'
[2.550s] INFO:colcon.colcon_core.shell:Creating environment hook '/home/admin/Documents/projects/u-tour/pathing/remote-repos/pathing-testing/rosdev/install/path_testing/share/path_testing/hook/cmake_prefix_path.sh'
[2.551s] Level 1:colcon.colcon_core.environment:checking '/home/admin/Documents/projects/u-tour/pathing/remote-repos/pathing-testing/rosdev/install/path_testing/bin'
[2.551s] Level 1:colcon.colcon_core.environment:checking '/home/admin/Documents/projects/u-tour/pathing/remote-repos/pathing-testing/rosdev/install/path_testing/lib/pkgconfig/path_testing.pc'
[2.552s] Level 1:colcon.colcon_core.environment:checking '/home/admin/Documents/projects/u-tour/pathing/remote-repos/pathing-testing/rosdev/install/path_testing/lib/python3.12/site-packages'
[2.552s] Level 1:colcon.colcon_core.environment:checking '/home/admin/Documents/projects/u-tour/pathing/remote-repos/pathing-testing/rosdev/install/path_testing/bin'
[2.553s] INFO:colcon.colcon_core.shell:Creating package script '/home/admin/Documents/projects/u-tour/pathing/remote-repos/pathing-testing/rosdev/install/path_testing/share/path_testing/package.ps1'
[2.554s] INFO:colcon.colcon_core.shell:Creating package descriptor '/home/admin/Documents/projects/u-tour/pathing/remote-repos/pathing-testing/rosdev/install/path_testing/share/path_testing/package.dsv'
[2.555s] INFO:colcon.colcon_core.shell:Creating package script '/home/admin/Documents/projects/u-tour/pathing/remote-repos/pathing-testing/rosdev/install/path_testing/share/path_testing/package.sh'
[2.557s] INFO:colcon.colcon_core.shell:Creating package script '/home/admin/Documents/projects/u-tour/pathing/remote-repos/pathing-testing/rosdev/install/path_testing/share/path_testing/package.bash'
[2.559s] INFO:colcon.colcon_core.shell:Creating package script '/home/admin/Documents/projects/u-tour/pathing/remote-repos/pathing-testing/rosdev/install/path_testing/share/path_testing/package.zsh'
[2.561s] Level 1:colcon.colcon_core.environment:create_file_with_runtime_dependencies(/home/admin/Documents/projects/u-tour/pathing/remote-repos/pathing-testing/rosdev/install/path_testing/share/colcon-core/packages/path_testing)
[2.613s] Level 1:colcon.colcon_core.environment:create_environment_scripts_only(path_testing)
[2.613s] Level 1:colcon.colcon_core.environment:checking '/home/admin/Documents/projects/u-tour/pathing/remote-repos/pathing-testing/rosdev/install/path_testing' for CMake module files
[2.614s] Level 1:colcon.colcon_core.environment:checking '/home/admin/Documents/projects/u-tour/pathing/remote-repos/pathing-testing/rosdev/install/path_testing' for CMake config files
[2.614s] Level 1:colcon.colcon_core.shell:create_environment_hook('path_testing', 'cmake_prefix_path')
[2.614s] INFO:colcon.colcon_core.shell:Creating environment hook '/home/admin/Documents/projects/u-tour/pathing/remote-repos/pathing-testing/rosdev/install/path_testing/share/path_testing/hook/cmake_prefix_path.ps1'
[2.616s] INFO:colcon.colcon_core.shell:Creating environment descriptor '/home/admin/Documents/projects/u-tour/pathing/remote-repos/pathing-testing/rosdev/install/path_testing/share/path_testing/hook/cmake_prefix_path.dsv'
[2.617s] INFO:colcon.colcon_core.shell:Creating environment hook '/home/admin/Documents/projects/u-tour/pathing/remote-repos/pathing-testing/rosdev/install/path_testing/share/path_testing/hook/cmake_prefix_path.sh'
[2.618s] Level 1:colcon.colcon_core.environment:checking '/home/admin/Documents/projects/u-tour/pathing/remote-repos/pathing-testing/rosdev/install/path_testing/bin'
[2.618s] Level 1:colcon.colcon_core.environment:checking '/home/admin/Documents/projects/u-tour/pathing/remote-repos/pathing-testing/rosdev/install/path_testing/lib/pkgconfig/path_testing.pc'
[2.618s] Level 1:colcon.colcon_core.environment:checking '/home/admin/Documents/projects/u-tour/pathing/remote-repos/pathing-testing/rosdev/install/path_testing/lib/python3.12/site-packages'
[2.619s] Level 1:colcon.colcon_core.environment:checking '/home/admin/Documents/projects/u-tour/pathing/remote-repos/pathing-testing/rosdev/install/path_testing/bin'
[2.619s] INFO:colcon.colcon_core.shell:Creating package script '/home/admin/Documents/projects/u-tour/pathing/remote-repos/pathing-testing/rosdev/install/path_testing/share/path_testing/package.ps1'
[2.620s] INFO:colcon.colcon_core.shell:Creating package descriptor '/home/admin/Documents/projects/u-tour/pathing/remote-repos/pathing-testing/rosdev/install/path_testing/share/path_testing/package.dsv'
[2.621s] INFO:colcon.colcon_core.shell:Creating package script '/home/admin/Documents/projects/u-tour/pathing/remote-repos/pathing-testing/rosdev/install/path_testing/share/path_testing/package.sh'
[2.622s] INFO:colcon.colcon_core.shell:Creating package script '/home/admin/Documents/projects/u-tour/pathing/remote-repos/pathing-testing/rosdev/install/path_testing/share/path_testing/package.bash'
[2.623s] INFO:colcon.colcon_core.shell:Creating package script '/home/admin/Documents/projects/u-tour/pathing/remote-repos/pathing-testing/rosdev/install/path_testing/share/path_testing/package.zsh'
[2.624s] Level 1:colcon.colcon_core.environment:create_file_with_runtime_dependencies(/home/admin/Documents/projects/u-tour/pathing/remote-repos/pathing-testing/rosdev/install/path_testing/share/colcon-core/packages/path_testing)
[2.625s] DEBUG:colcon.colcon_parallel_executor.executor.parallel:closing loop
[2.626s] DEBUG:colcon.colcon_parallel_executor.executor.parallel:loop closed
[2.626s] DEBUG:colcon.colcon_parallel_executor.executor.parallel:run_until_complete finished with '0'
[2.626s] DEBUG:colcon.colcon_core.event_reactor:joining thread
[2.650s] INFO:colcon.colcon_core.plugin_system:Skipping extension 'colcon_notification.desktop_notification.terminal_notifier': Not used on non-Darwin systems
[2.650s] INFO:colcon.colcon_core.plugin_system:Skipping extension 'colcon_notification.desktop_notification.win32': Not used on non-Windows systems
[2.650s] INFO:colcon.colcon_notification.desktop_notification:Sending desktop notification using 'notify2'
[2.710s] DEBUG:colcon.colcon_core.event_reactor:joined thread
[2.710s] INFO:colcon.colcon_core.shell:Creating prefix script '/home/admin/Documents/projects/u-tour/pathing/remote-repos/pathing-testing/rosdev/install/local_setup.ps1'
[2.712s] INFO:colcon.colcon_core.shell:Creating prefix util module '/home/admin/Documents/projects/u-tour/pathing/remote-repos/pathing-testing/rosdev/install/_local_setup_util_ps1.py'
[2.715s] INFO:colcon.colcon_core.shell:Creating prefix chain script '/home/admin/Documents/projects/u-tour/pathing/remote-repos/pathing-testing/rosdev/install/setup.ps1'
[2.717s] INFO:colcon.colcon_core.shell:Creating prefix script '/home/admin/Documents/projects/u-tour/pathing/remote-repos/pathing-testing/rosdev/install/local_setup.sh'
[2.719s] INFO:colcon.colcon_core.shell:Creating prefix util module '/home/admin/Documents/projects/u-tour/pathing/remote-repos/pathing-testing/rosdev/install/_local_setup_util_sh.py'
[2.720s] INFO:colcon.colcon_core.shell:Creating prefix chain script '/home/admin/Documents/projects/u-tour/pathing/remote-repos/pathing-testing/rosdev/install/setup.sh'
[2.722s] INFO:colcon.colcon_core.shell:Creating prefix script '/home/admin/Documents/projects/u-tour/pathing/remote-repos/pathing-testing/rosdev/install/local_setup.bash'
[2.723s] INFO:colcon.colcon_core.shell:Creating prefix chain script '/home/admin/Documents/projects/u-tour/pathing/remote-repos/pathing-testing/rosdev/install/setup.bash'
[2.729s] INFO:colcon.colcon_core.shell:Creating prefix script '/home/admin/Documents/projects/u-tour/pathing/remote-repos/pathing-testing/rosdev/install/local_setup.zsh'
[2.731s] INFO:colcon.colcon_core.shell:Creating prefix chain script '/home/admin/Documents/projects/u-tour/pathing/remote-repos/pathing-testing/rosdev/install/setup.zsh'
